current directory: /home1/ligasd18/.gem/ruby/gems/nokogiri-1.10.10/ext/nokogiri
/opt/cpanel/ea-ruby24/root/usr/bin/ruby -r ./siteconf20200901-585-11t67l8.rb extconf.rb
checking if the C compiler accepts ... *** extconf.rb failed ***
Could not create Makefile due to some reason, probably lack of necessary
libraries and/or headers.  Check the mkmf.log file for more details.  You may
need configuration options.

Provided configuration options:
	--with-opt-dir
	--with-opt-include
	--without-opt-include=${opt-dir}/include
	--with-opt-lib
	--without-opt-lib=${opt-dir}/lib64
	--with-make-prog
	--without-make-prog
	--srcdir=.
	--curdir
	--ruby=/opt/cpanel/ea-ruby24/root/usr/bin/$(RUBY_BASE_NAME)
	--help
	--clean
/opt/cpanel/ea-ruby24/root/usr/share/ruby/mkmf.rb:457:in `try_do': The compiler failed to generate an executable file. (RuntimeError)
You have to install development tools first.
	from /opt/cpanel/ea-ruby24/root/usr/share/ruby/mkmf.rb:572:in `block in try_compile'
	from /opt/cpanel/ea-ruby24/root/usr/share/ruby/mkmf.rb:523:in `with_werror'
	from /opt/cpanel/ea-ruby24/root/usr/share/ruby/mkmf.rb:572:in `try_compile'
	from extconf.rb:138:in `nokogiri_try_compile'
	from extconf.rb:162:in `block in add_cflags'
	from /opt/cpanel/ea-ruby24/root/usr/share/ruby/mkmf.rb:630:in `with_cflags'
	from extconf.rb:161:in `add_cflags'
	from extconf.rb:416:in `<main>'

To see why this extension failed to compile, please check the mkmf.log which can be found here:

  /home1/ligasd18/.gem/ruby/extensions/x86_64-linux/2.4.0/nokogiri-1.10.10/mkmf.log

extconf failed, exit code 1
